<?xml version="1.0" encoding="UTF-8"?>
<!-- Generated by org.testng.reporters.JUnitXMLReporter -->
<testsuite ignored="0" hostname="LAPTOP-E1NRTU5J" failures="1" tests="1" name="Test" time="6.542" errors="0" timestamp="2023-12-05T09:37:22 CST">
  <testcase classname="testCases.TC_004_SearchFromHomePage" name="searchProduct" time="0.706">
    <failure type="java.lang.AssertionError" message="null">
      <![CDATA[java.lang.AssertionError: null
at pageObjects.SearchPage.confirmSearchedProdNameInDisplayedProd(SearchPage.java:81)
at testCases.TC_004_SearchFromHomePage.searchProduct(TC_004_SearchFromHomePage.java:32)
at java.base/java.util.ArrayList.forEach(ArrayList.java:1511)
... Removed 29 stack frames]]>
    </failure>
  </testcase> <!-- searchProduct -->
</testsuite> <!-- Test -->
